<?xml version="1.0" encoding="UTF-8"?>
<testsuite name="Cucumber" time="0.67" tests="3" skipped="0" failures="0" errors="0">
<testcase classname="Test Tagged Hooks" name="This is First test" time="0.044">
<system-out><![CDATA[
Given this is the first step................................................passed
When this is the second step................................................passed
Then this is the third step.................................................passed
]]></system-out>
</testcase>
<testcase classname="Test Tagged Hooks" name="This is Second test" time="0.01">
<system-out><![CDATA[
Given this is the first step................................................passed
When this is the second step................................................passed
Then this is the third step.................................................passed
]]></system-out>
</testcase>
<testcase classname="Test Tagged Hooks" name="This is Third test" time="0.006">
<system-out><![CDATA[
Given this is the first step................................................passed
When this is the second step................................................passed
Then this is the third step.................................................passed
]]></system-out>
</testcase>
</testsuite>
